Symfony\Component\DependencyInjection\Compiler\ResolveChildDefinitionsPass: Resolving inheritance for ".instanceof.Symfony\Component\Messenger\Handler\MessageHandlerInterface.0.BooksManagement\Book\Application\Create\CreateBookHandler" (parent: .abstract.instanceof.BooksManagement\Book\Application\Create\CreateBookHandler).
Symfony\Component\DependencyInjection\Compiler\ResolveChildDefinitionsPass: Resolving inheritance for "BooksManagement\Book\Application\Create\CreateBookHandler" (parent: .instanceof.Symfony\Component\Messenger\Handler\MessageHandlerInterface.0.BooksManagement\Book\Application\Create\CreateBookHandler).
Symfony\Component\DependencyInjection\Compiler\ResolveChildDefinitionsPass: Resolving inheritance for ".instanceof.Symfony\Component\Messenger\Handler\MessageHandlerInterface.0.BooksManagement\Book\Application\Find\FindBookHandler" (parent: .abstract.instanceof.BooksManagement\Book\Application\Find\FindBookHandler).
Symfony\Component\DependencyInjection\Compiler\ResolveChildDefinitionsPass: Resolving inheritance for "BooksManagement\Book\Application\Find\FindBookHandler" (parent: .instanceof.Symfony\Component\Messenger\Handler\MessageHandlerInterface.0.BooksManagement\Book\Application\Find\FindBookHandler).
Symfony\Component\DependencyInjection\Compiler\ResolveChildDefinitionsPass: Resolving inheritance for "cache.app" (parent: cache.adapter.filesystem).
Symfony\Component\DependencyInjection\Compiler\ResolveChildDefinitionsPass: Resolving inheritance for "cache.system" (parent: cache.adapter.system).
Symfony\Component\DependencyInjection\Compiler\ResolveChildDefinitionsPass: Resolving inheritance for "cache.validator" (parent: cache.system).
Symfony\Component\DependencyInjection\Compiler\ResolveChildDefinitionsPass: Resolving inheritance for "cache.serializer" (parent: cache.system).
Symfony\Component\DependencyInjection\Compiler\ResolveChildDefinitionsPass: Resolving inheritance for "cache.annotations" (parent: cache.system).
Symfony\Component\DependencyInjection\Compiler\ResolveChildDefinitionsPass: Resolving inheritance for "cache.property_info" (parent: cache.system).
Symfony\Component\DependencyInjection\Compiler\ResolveChildDefinitionsPass: Resolving inheritance for "cache.messenger.restart_workers_signal" (parent: cache.app).
Symfony\Component\DependencyInjection\Compiler\ResolveChildDefinitionsPass: Resolving inheritance for "cache.system_clearer" (parent: cache.default_clearer).
Symfony\Component\DependencyInjection\Compiler\ResolveChildDefinitionsPass: Resolving inheritance for "cache.global_clearer" (parent: cache.default_clearer).
Symfony\Component\DependencyInjection\Compiler\ResolveChildDefinitionsPass: Resolving inheritance for "secrets.decryption_key" (parent: container.env).
Symfony\Component\DependencyInjection\Compiler\ResolveChildDefinitionsPass: Resolving inheritance for "doctrine.dbal.default_connection.configuration" (parent: doctrine.dbal.connection.configuration).
Symfony\Component\DependencyInjection\Compiler\ResolveChildDefinitionsPass: Resolving inheritance for "doctrine.dbal.logger.profiling.default" (parent: doctrine.dbal.logger.profiling).
Symfony\Component\DependencyInjection\Compiler\ResolveChildDefinitionsPass: Resolving inheritance for "doctrine.dbal.logger.chain.default" (parent: doctrine.dbal.logger.chain).
Symfony\Component\DependencyInjection\Compiler\ResolveChildDefinitionsPass: Resolving inheritance for "doctrine.dbal.default_connection.event_manager" (parent: doctrine.dbal.connection.event_manager).
Symfony\Component\DependencyInjection\Compiler\ResolveChildDefinitionsPass: Resolving inheritance for "doctrine.dbal.default_connection" (parent: doctrine.dbal.connection).
Symfony\Component\DependencyInjection\Compiler\ResolveChildDefinitionsPass: Resolving inheritance for "doctrine.orm.default_configuration" (parent: doctrine.orm.configuration).
Symfony\Component\DependencyInjection\Compiler\ResolveChildDefinitionsPass: Resolving inheritance for "doctrine.orm.default_manager_configurator" (parent: doctrine.orm.manager_configurator.abstract).
Symfony\Component\DependencyInjection\Compiler\ResolveChildDefinitionsPass: Resolving inheritance for "doctrine.orm.default_entity_manager" (parent: doctrine.orm.entity_manager.abstract).
Symfony\Component\DependencyInjection\Compiler\ResolveChildDefinitionsPass: Resolving inheritance for "messenger.bus.default.middleware.add_bus_name_stamp_middleware" (parent: messenger.middleware.add_bus_name_stamp_middleware).
Symfony\Component\DependencyInjection\Compiler\ResolveChildDefinitionsPass: Resolving inheritance for "messenger.bus.default.middleware.handle_message" (parent: messenger.middleware.handle_message).
Symfony\Component\DependencyInjection\Compiler\RemovePrivateAliasesPass: Removed service "Psr\Container\ContainerInterface"; reason: private alias.
Symfony\Component\DependencyInjection\Compiler\RemovePrivateAliasesPass: Removed service "Symfony\Component\DependencyInjection\ContainerInterface"; reason: private alias.
Symfony\Component\DependencyInjection\Compiler\RemovePrivateAliasesPass: Removed service "BooksManagement\Author\Domain\AuthorRepository"; reason: private alias.
Symfony\Component\DependencyInjection\Compiler\RemovePrivateAliasesPass: Removed service "BooksManagement\Book\Domain\BookRepository"; reason: private alias.
Symfony\Component\DependencyInjection\Compiler\RemovePrivateAliasesPass: Removed service "BooksManagement\Shared\Domain\DomainResponse"; reason: private alias.
Symfony\Component\DependencyInjection\Compiler\RemovePrivateAliasesPass: Removed service "BooksManagement\Shared\Domain\Response\ResponseRepository"; reason: private alias.
Symfony\Component\DependencyInjection\Compiler\RemovePrivateAliasesPass: Removed service "Symfony\Component\DependencyInjection\ParameterBag\ContainerBagInterface"; reason: private alias.
Symfony\Component\DependencyInjection\Compiler\RemovePrivateAliasesPass: Removed service "Symfony\Component\DependencyInjection\ParameterBag\ParameterBagInterface"; reason: private alias.
Symfony\Component\DependencyInjection\Compiler\RemovePrivateAliasesPass: Removed service "Symfony\Component\EventDispatcher\EventDispatcherInterface"; reason: private alias.
Symfony\Component\DependencyInjection\Compiler\RemovePrivateAliasesPass: Removed service "Symfony\Contracts\EventDispatcher\EventDispatcherInterface"; reason: private alias.
Symfony\Component\DependencyInjection\Compiler\RemovePrivateAliasesPass: Removed service "Symfony\Component\HttpKernel\HttpKernelInterface"; reason: private alias.
Symfony\Component\DependencyInjection\Compiler\RemovePrivateAliasesPass: Removed service "Symfony\Component\HttpFoundation\RequestStack"; reason: private alias.
Symfony\Component\DependencyInjection\Compiler\RemovePrivateAliasesPass: Removed service "Symfony\Component\HttpFoundation\UrlHelper"; reason: private alias.
Symfony\Component\DependencyInjection\Compiler\RemovePrivateAliasesPass: Removed service "Symfony\Component\HttpKernel\KernelInterface"; reason: private alias.
Symfony\Component\DependencyInjection\Compiler\RemovePrivateAliasesPass: Removed service "Symfony\Component\Filesystem\Filesystem"; reason: private alias.
Symfony\Component\DependencyInjection\Compiler\RemovePrivateAliasesPass: Removed service "Symfony\Component\HttpKernel\Config\FileLocator"; reason: private alias.
Symfony\Component\DependencyInjection\Compiler\RemovePrivateAliasesPass: Removed service "Symfony\Component\HttpKernel\UriSigner"; reason: private alias.
Symfony\Component\DependencyInjection\Compiler\RemovePrivateAliasesPass: Removed service "Symfony\Component\DependencyInjection\ReverseContainer"; reason: private alias.
Symfony\Component\DependencyInjection\Compiler\RemovePrivateAliasesPass: Removed service "Symfony\Component\String\Slugger\SluggerInterface"; reason: private alias.
Symfony\Component\DependencyInjection\Compiler\RemovePrivateAliasesPass: Removed service "error_renderer.html"; reason: private alias.
Symfony\Component\DependencyInjection\Compiler\RemovePrivateAliasesPass: Removed service "error_renderer"; reason: private alias.
Symfony\Component\DependencyInjection\Compiler\RemovePrivateAliasesPass: Removed service "Psr\EventDispatcher\EventDispatcherInterface"; reason: private alias.
Symfony\Component\DependencyInjection\Compiler\RemovePrivateAliasesPass: Removed service "Psr\Container\ContainerInterface $parameterBag"; reason: private alias.
Symfony\Component\DependencyInjection\Compiler\RemovePrivateAliasesPass: Removed service "Psr\Cache\CacheItemPoolInterface"; reason: private alias.
Symfony\Component\DependencyInjection\Compiler\RemovePrivateAliasesPass: Removed service "Symfony\Component\Cache\Adapter\AdapterInterface"; reason: private alias.
Symfony\Component\DependencyInjection\Compiler\RemovePrivateAliasesPass: Removed service "Symfony\Contracts\Cache\CacheInterface"; reason: private alias.
Symfony\Component\DependencyInjection\Compiler\RemovePrivateAliasesPass: Removed service "Symfony\Contracts\Cache\TagAwareCacheInterface"; reason: private alias.
Symfony\Component\DependencyInjection\Compiler\RemovePrivateAliasesPass: Removed service "cache.default_redis_provider"; reason: private alias.
Symfony\Component\DependencyInjection\Compiler\RemovePrivateAliasesPass: Removed service "cache.default_memcached_provider"; reason: private alias.
Symfony\Component\DependencyInjection\Compiler\RemovePrivateAliasesPass: Removed service "cache.default_pdo_provider"; reason: private alias.
Symfony\Component\DependencyInjection\Compiler\RemovePrivateAliasesPass: Removed service "Symfony\Component\HttpFoundation\Session\SessionInterface"; reason: private alias.
Symfony\Component\DependencyInjection\Compiler\RemovePrivateAliasesPass: Removed service "Symfony\Component\HttpFoundation\Session\Storage\SessionStorageInterface"; reason: private alias.
Symfony\Component\DependencyInjection\Compiler\RemovePrivateAliasesPass: Removed service "SessionHandlerInterface"; reason: private alias.
Symfony\Component\DependencyInjection\Compiler\RemovePrivateAliasesPass: Removed service "Symfony\Component\HttpFoundation\Session\Flash\FlashBagInterface"; reason: private alias.
Symfony\Component\DependencyInjection\Compiler\RemovePrivateAliasesPass: Removed service "session.storage.filesystem"; reason: private alias.
Symfony\Component\DependencyInjection\Compiler\RemovePrivateAliasesPass: Removed service "session.storage"; reason: private alias.
Symfony\Component\DependencyInjection\Compiler\RemovePrivateAliasesPass: Removed service "session.handler"; reason: private alias.
Symfony\Component\DependencyInjection\Compiler\RemovePrivateAliasesPass: Removed service "Symfony\Component\Messenger\Transport\Serialization\SerializerInterface"; reason: private alias.
Symfony\Component\DependencyInjection\Compiler\RemovePrivateAliasesPass: Removed service "Symfony\Component\Messenger\MessageBusInterface"; reason: private alias.
Symfony\Component\DependencyInjection\Compiler\RemovePrivateAliasesPass: Removed service "Symfony\Component\Validator\Validator\ValidatorInterface"; reason: private alias.
Symfony\Component\DependencyInjection\Compiler\RemovePrivateAliasesPass: Removed service "validator.mapping.class_metadata_factory"; reason: private alias.
Symfony\Component\DependencyInjection\Compiler\RemovePrivateAliasesPass: Removed service "Symfony\Component\HttpKernel\Debug\FileLinkFormatter"; reason: private alias.
Symfony\Component\DependencyInjection\Compiler\RemovePrivateAliasesPass: Removed service "Symfony\Component\Routing\RouterInterface"; reason: private alias.
Symfony\Component\DependencyInjection\Compiler\RemovePrivateAliasesPass: Removed service "Symfony\Component\Routing\Generator\UrlGeneratorInterface"; reason: private alias.
Symfony\Component\DependencyInjection\Compiler\RemovePrivateAliasesPass: Removed service "Symfony\Component\Routing\Matcher\UrlMatcherInterface"; reason: private alias.
Symfony\Component\DependencyInjection\Compiler\RemovePrivateAliasesPass: Removed service "Symfony\Component\Routing\RequestContextAwareInterface"; reason: private alias.
Symfony\Component\DependencyInjection\Compiler\RemovePrivateAliasesPass: Removed service "Symfony\Component\Routing\RequestContext"; reason: private alias.
Symfony\Component\DependencyInjection\Compiler\RemovePrivateAliasesPass: Removed service "annotation_reader"; reason: private alias.
Symfony\Component\DependencyInjection\Compiler\RemovePrivateAliasesPass: Removed service "Doctrine\Common\Annotations\Reader"; reason: private alias.
Symfony\Component\DependencyInjection\Compiler\RemovePrivateAliasesPass: Removed service "Symfony\Component\PropertyAccess\PropertyAccessorInterface"; reason: private alias.
Symfony\Component\DependencyInjection\Compiler\RemovePrivateAliasesPass: Removed service "Symfony\Component\Serializer\SerializerInterface"; reason: private alias.
Symfony\Component\DependencyInjection\Compiler\RemovePrivateAliasesPass: Removed service "Symfony\Component\Serializer\Normalizer\NormalizerInterface"; reason: private alias.
Symfony\Component\DependencyInjection\Compiler\RemovePrivateAliasesPass: Removed service "Symfony\Component\Serializer\Normalizer\DenormalizerInterface"; reason: private alias.
Symfony\Component\DependencyInjection\Compiler\RemovePrivateAliasesPass: Removed service "Symfony\Component\Serializer\Encoder\EncoderInterface"; reason: private alias.
Symfony\Component\DependencyInjection\Compiler\RemovePrivateAliasesPass: Removed service "Symfony\Component\Serializer\Encoder\DecoderInterface"; reason: private alias.
Symfony\Component\DependencyInjection\Compiler\RemovePrivateAliasesPass: Removed service "serializer.property_accessor"; reason: private alias.
Symfony\Component\DependencyInjection\Compiler\RemovePrivateAliasesPass: Removed service "Symfony\Component\Serializer\Mapping\ClassDiscriminatorResolverInterface"; reason: private alias.
Symfony\Component\DependencyInjection\Compiler\RemovePrivateAliasesPass: Removed service "Symfony\Component\Serializer\Normalizer\ObjectNormalizer"; reason: private alias.
Symfony\Component\DependencyInjection\Compiler\RemovePrivateAliasesPass: Removed service "Symfony\Component\Serializer\Mapping\Factory\ClassMetadataFactoryInterface"; reason: private alias.
Symfony\Component\DependencyInjection\Compiler\RemovePrivateAliasesPass: Removed service "error_renderer.serializer"; reason: private alias.
Symfony\Component\DependencyInjection\Compiler\RemovePrivateAliasesPass: Removed service "Symfony\Component\PropertyInfo\PropertyAccessExtractorInterface"; reason: private alias.
Symfony\Component\DependencyInjection\Compiler\RemovePrivateAliasesPass: Removed service "Symfony\Component\PropertyInfo\PropertyDescriptionExtractorInterface"; reason: private alias.
Symfony\Component\DependencyInjection\Compiler\RemovePrivateAliasesPass: Removed service "Symfony\Component\PropertyInfo\PropertyInfoExtractorInterface"; reason: private alias.
Symfony\Component\DependencyInjection\Compiler\RemovePrivateAliasesPass: Removed service "Symfony\Component\PropertyInfo\PropertyTypeExtractorInterface"; reason: private alias.
Symfony\Component\DependencyInjection\Compiler\RemovePrivateAliasesPass: Removed service "Symfony\Component\PropertyInfo\PropertyListExtractorInterface"; reason: private alias.
Symfony\Component\DependencyInjection\Compiler\RemovePrivateAliasesPass: Removed service "Symfony\Component\PropertyInfo\PropertyInitializableExtractorInterface"; reason: private alias.
Symfony\Component\DependencyInjection\Compiler\RemovePrivateAliasesPass: Removed service "Symfony\Component\PropertyInfo\PropertyReadInfoExtractorInterface"; reason: private alias.
Symfony\Component\DependencyInjection\Compiler\RemovePrivateAliasesPass: Removed service "Symfony\Component\PropertyInfo\PropertyWriteInfoExtractorInterface"; reason: private alias.
Symfony\Component\DependencyInjection\Compiler\RemovePrivateAliasesPass: Removed service "Doctrine\DBAL\Driver\Connection"; reason: private alias.
Symfony\Component\DependencyInjection\Compiler\RemovePrivateAliasesPass: Removed service "Doctrine\DBAL\Connection"; reason: private alias.
Symfony\Component\DependencyInjection\Compiler\RemovePrivateAliasesPass: Removed service "Doctrine\Persistence\ManagerRegistry"; reason: private alias.
Symfony\Component\DependencyInjection\Compiler\RemovePrivateAliasesPass: Removed service "Doctrine\Common\Persistence\ManagerRegistry"; reason: private alias.
Symfony\Component\DependencyInjection\Compiler\RemovePrivateAliasesPass: Removed service "doctrine.dbal.event_manager"; reason: private alias.
Symfony\Component\DependencyInjection\Compiler\RemovePrivateAliasesPass: Removed service "Doctrine\ORM\EntityManagerInterface"; reason: private alias.
Symfony\Component\DependencyInjection\Compiler\RemovePrivateAliasesPass: Removed service "doctrine.orm.metadata.annotation_reader"; reason: private alias.
Symfony\Component\DependencyInjection\Compiler\RemovePrivateAliasesPass: Removed service "doctrine.orm.default_metadata_cache"; reason: private alias.
Symfony\Component\DependencyInjection\Compiler\RemovePrivateAliasesPass: Removed service "doctrine.orm.default_result_cache"; reason: private alias.
Symfony\Component\DependencyInjection\Compiler\RemovePrivateAliasesPass: Removed service "doctrine.orm.default_query_cache"; reason: private alias.
Symfony\Component\DependencyInjection\Compiler\RemovePrivateAliasesPass: Removed service "doctrine.orm.default_entity_manager.event_manager"; reason: private alias.
Symfony\Component\DependencyInjection\Compiler\RemovePrivateAliasesPass: Removed service "argument_resolver.controller_locator"; reason: private alias.
Symfony\Component\DependencyInjection\Compiler\RemovePrivateAliasesPass: Removed service "Psr\Log\LoggerInterface"; reason: private alias.
Symfony\Component\DependencyInjection\Compiler\RemovePrivateAliasesPass: Removed service ".service_locator..jzzP5u"; reason: private alias.
Symfony\Component\DependencyInjection\Compiler\RemovePrivateAliasesPass: Removed service ".service_locator.c1P1vDm"; reason: private alias.
Symfony\Component\DependencyInjection\Compiler\RemovePrivateAliasesPass: Removed service "serializer.mapping.class_metadata_factory"; reason: private alias.
Symfony\Component\DependencyInjection\Compiler\ReplaceAliasByActualDefinitionPass: Changed reference of service "BooksManagement\Book\EntryPoint\Http\Controller\CreateBookController" previously pointing to "messenger.bus.default" to "messenger.default_bus".
Symfony\Component\DependencyInjection\Compiler\ReplaceAliasByActualDefinitionPass: Changed reference of service "BooksManagement\Book\EntryPoint\Http\Controller\GetBookByIdController" previously pointing to "messenger.bus.default" to "messenger.default_bus".
Symfony\Component\DependencyInjection\Compiler\ReplaceAliasByActualDefinitionPass: Changed reference of service "locale_listener" previously pointing to "router.default" to "router".
Symfony\Component\DependencyInjection\Compiler\ReplaceAliasByActualDefinitionPass: Changed reference of service "console.command.router_debug" previously pointing to "router.default" to "router".
Symfony\Component\DependencyInjection\Compiler\ReplaceAliasByActualDefinitionPass: Changed reference of service "console.command.router_match" previously pointing to "router.default" to "router".
Symfony\Component\DependencyInjection\Compiler\ReplaceAliasByActualDefinitionPass: Changed reference of service "messenger.routable_message_bus" previously pointing to "messenger.bus.default" to "messenger.default_bus".
Symfony\Component\DependencyInjection\Compiler\ReplaceAliasByActualDefinitionPass: Changed reference of service "router_listener" previously pointing to "router.default" to "router".
Symfony\Component\DependencyInjection\Compiler\ReplaceAliasByActualDefinitionPass: Changed reference of service "Symfony\Bundle\FrameworkBundle\Controller\RedirectController" previously pointing to "router.default" to "router".
Symfony\Component\DependencyInjection\Compiler\ReplaceAliasByActualDefinitionPass: Changed reference of service ".service_locator.LVGXLLD" previously pointing to "messenger.bus.default" to "messenger.default_bus".
Symfony\Component\DependencyInjection\Compiler\ReplaceAliasByActualDefinitionPass: Changed reference of service ".service_locator.LHmLVnd" previously pointing to "router.default" to "router".
Symfony\Component\DependencyInjection\Compiler\RemoveAbstractDefinitionsPass: Removed service "container.env"; reason: abstract.
Symfony\Component\DependencyInjection\Compiler\RemoveAbstractDefinitionsPass: Removed service "cache.adapter.system"; reason: abstract.
Symfony\Component\DependencyInjection\Compiler\RemoveAbstractDefinitionsPass: Removed service "cache.adapter.apcu"; reason: abstract.
Symfony\Component\DependencyInjection\Compiler\RemoveAbstractDefinitionsPass: Removed service "cache.adapter.doctrine"; reason: abstract.
Symfony\Component\DependencyInjection\Compiler\RemoveAbstractDefinitionsPass: Removed service "cache.adapter.filesystem"; reason: abstract.
Symfony\Component\DependencyInjection\Compiler\RemoveAbstractDefinitionsPass: Removed service "cache.adapter.psr6"; reason: abstract.
Symfony\Component\DependencyInjection\Compiler\RemoveAbstractDefinitionsPass: Removed service "cache.adapter.redis"; reason: abstract.
Symfony\Component\DependencyInjection\Compiler\RemoveAbstractDefinitionsPass: Removed service "cache.adapter.memcached"; reason: abstract.
Symfony\Component\DependencyInjection\Compiler\RemoveAbstractDefinitionsPass: Removed service "cache.adapter.pdo"; reason: abstract.
Symfony\Component\DependencyInjection\Compiler\RemoveAbstractDefinitionsPass: Removed service "cache.adapter.array"; reason: abstract.
Symfony\Component\DependencyInjection\Compiler\RemoveAbstractDefinitionsPass: Removed service "messenger.middleware.handle_message"; reason: abstract.
Symfony\Component\DependencyInjection\Compiler\RemoveAbstractDefinitionsPass: Removed service "messenger.middleware.add_bus_name_stamp_middleware"; reason: abstract.
Symfony\Component\DependencyInjection\Compiler\RemoveAbstractDefinitionsPass: Removed service "messenger.middleware.traceable"; reason: abstract.
Symfony\Component\DependencyInjection\Compiler\RemoveAbstractDefinitionsPass: Removed service "messenger.retry.abstract_multiplier_retry_strategy"; reason: abstract.
Symfony\Component\DependencyInjection\Compiler\RemoveAbstractDefinitionsPass: Removed service "doctrine.dbal.logger.chain"; reason: abstract.
Symfony\Component\DependencyInjection\Compiler\RemoveAbstractDefinitionsPass: Removed service "doctrine.dbal.logger.profiling"; reason: abstract.
Symfony\Component\DependencyInjection\Compiler\RemoveAbstractDefinitionsPass: Removed service "doctrine.dbal.logger.backtrace"; reason: abstract.
Symfony\Component\DependencyInjection\Compiler\RemoveAbstractDefinitionsPass: Removed service "doctrine.dbal.connection"; reason: abstract.
Symfony\Component\DependencyInjection\Compiler\RemoveAbstractDefinitionsPass: Removed service "doctrine.dbal.connection.event_manager"; reason: abstract.
Symfony\Component\DependencyInjection\Compiler\RemoveAbstractDefinitionsPass: Removed service "doctrine.dbal.connection.configuration"; reason: abstract.
Symfony\Component\DependencyInjection\Compiler\RemoveAbstractDefinitionsPass: Removed service "doctrine.dbal.schema_asset_filter_manager"; reason: abstract.
Symfony\Component\DependencyInjection\Compiler\RemoveAbstractDefinitionsPass: Removed service "messenger.middleware.doctrine_transaction"; reason: abstract.
Symfony\Component\DependencyInjection\Compiler\RemoveAbstractDefinitionsPass: Removed service "messenger.middleware.doctrine_ping_connection"; reason: abstract.
Symfony\Component\DependencyInjection\Compiler\RemoveAbstractDefinitionsPass: Removed service "messenger.middleware.doctrine_close_connection"; reason: abstract.
Symfony\Component\DependencyInjection\Compiler\RemoveAbstractDefinitionsPass: Removed service "doctrine.orm.configuration"; reason: abstract.
Symfony\Component\DependencyInjection\Compiler\RemoveAbstractDefinitionsPass: Removed service "doctrine.orm.entity_manager.abstract"; reason: abstract.
Symfony\Component\DependencyInjection\Compiler\RemoveAbstractDefinitionsPass: Removed service "doctrine.orm.manager_configurator.abstract"; reason: abstract.
Symfony\Component\DependencyInjection\Compiler\RemoveAbstractDefinitionsPass: Removed service "doctrine.orm.security.user.provider"; reason: abstract.
Symfony\Component\DependencyInjection\Compiler\RemoveAbstractDefinitionsPass: Removed service ".instanceof.Symfony\Component\Messenger\Handler\MessageHandlerInterface.0.BooksManagement\Book\Application\Create\CreateBookHandler"; reason: abstract.
Symfony\Component\DependencyInjection\Compiler\RemoveAbstractDefinitionsPass: Removed service ".abstract.instanceof.BooksManagement\Book\Application\Create\CreateBookHandler"; reason: abstract.
Symfony\Component\DependencyInjection\Compiler\RemoveAbstractDefinitionsPass: Removed service ".instanceof.Symfony\Component\Messenger\Handler\MessageHandlerInterface.0.BooksManagement\Book\Application\Find\FindBookHandler"; reason: abstract.
Symfony\Component\DependencyInjection\Compiler\RemoveAbstractDefinitionsPass: Removed service ".abstract.instanceof.BooksManagement\Book\Application\Find\FindBookHandler"; reason: abstract.
Symfony\Component\DependencyInjection\Compiler\RemoveUnusedDefinitionsPass: Removed service "BooksManagement\Author\Domain\Author"; reason: unused.
Symfony\Component\DependencyInjection\Compiler\RemoveUnusedDefinitionsPass: Removed service "BooksManagement\Author\Domain\AuthorFinder"; reason: unused.
Symfony\Component\DependencyInjection\Compiler\RemoveUnusedDefinitionsPass: Removed service "BooksManagement\Author\Domain\AuthorName"; reason: unused.
Symfony\Component\DependencyInjection\Compiler\RemoveUnusedDefinitionsPass: Removed service "BooksManagement\Author\Domain\AuthorSurname"; reason: unused.
Symfony\Component\DependencyInjection\Compiler\RemoveUnusedDefinitionsPass: Removed service "BooksManagement\Author\Domain\Exception\AuthorNotFound"; reason: unused.
Symfony\Component\DependencyInjection\Compiler\RemoveUnusedDefinitionsPass: Removed service "BooksManagement\Author\Infrastructure\Persistence\Doctrine\AuthorUuidType"; reason: unused.
Symfony\Component\DependencyInjection\Compiler\RemoveUnusedDefinitionsPass: Removed service "BooksManagement\Book\Application\Create\CreateBookCommand"; reason: unused.
Symfony\Component\DependencyInjection\Compiler\RemoveUnusedDefinitionsPass: Removed service "BooksManagement\Book\Application\Find\BookDomainResponse"; reason: unused.
Symfony\Component\DependencyInjection\Compiler\RemoveUnusedDefinitionsPass: Removed service "BooksManagement\Book\Application\Find\BookResponseConverter"; reason: unused.
Symfony\Component\DependencyInjection\Compiler\RemoveUnusedDefinitionsPass: Removed service "BooksManagement\Book\Application\Find\FindBookCommand"; reason: unused.
Symfony\Component\DependencyInjection\Compiler\RemoveUnusedDefinitionsPass: Removed service "BooksManagement\Book\Domain\Book"; reason: unused.
Symfony\Component\DependencyInjection\Compiler\RemoveUnusedDefinitionsPass: Removed service "BooksManagement\Book\Domain\BookContent"; reason: unused.
Symfony\Component\DependencyInjection\Compiler\RemoveUnusedDefinitionsPass: Removed service "BooksManagement\Book\Domain\BookCreator"; reason: unused.
Symfony\Component\DependencyInjection\Compiler\RemoveUnusedDefinitionsPass: Removed service "BooksManagement\Book\Domain\BookDescription"; reason: unused.
Symfony\Component\DependencyInjection\Compiler\RemoveUnusedDefinitionsPass: Removed service "BooksManagement\Book\Domain\BookFinder"; reason: unused.
Symfony\Component\DependencyInjection\Compiler\RemoveUnusedDefinitionsPass: Removed service "BooksManagement\Book\Domain\BookTitle"; reason: unused.
Symfony\Component\DependencyInjection\Compiler\RemoveUnusedDefinitionsPass: Removed service "BooksManagement\Book\Domain\BookUuid"; reason: unused.
Symfony\Component\DependencyInjection\Compiler\RemoveUnusedDefinitionsPass: Removed service "BooksManagement\Book\Domain\Exception\BookNotFound"; reason: unused.
Symfony\Component\DependencyInjection\Compiler\RemoveUnusedDefinitionsPass: Removed service "BooksManagement\Book\Infrastructure\Persistence\Doctrine\BookUuidType"; reason: unused.
Symfony\Component\DependencyInjection\Compiler\RemoveUnusedDefinitionsPass: Removed service "BooksManagement\Shared\Domain\Author\AuthorUuid"; reason: unused.
Symfony\Component\DependencyInjection\Compiler\RemoveUnusedDefinitionsPass: Removed service "BooksManagement\Shared\Domain\ContentType"; reason: unused.
Symfony\Component\DependencyInjection\Compiler\RemoveUnusedDefinitionsPass: Removed service "BooksManagement\Shared\Domain\ContentTypeNotFound"; reason: unused.
Symfony\Component\DependencyInjection\Compiler\RemoveUnusedDefinitionsPass: Removed service "BooksManagement\Shared\Domain\Request\JsonRequest"; reason: unused.
Symfony\Component\DependencyInjection\Compiler\RemoveUnusedDefinitionsPass: Removed service "BooksManagement\Shared\Domain\Request\RequestContent"; reason: unused.
Symfony\Component\DependencyInjection\Compiler\RemoveUnusedDefinitionsPass: Removed service "BooksManagement\Shared\Domain\Request\RequestFactory"; reason: unused.
Symfony\Component\DependencyInjection\Compiler\RemoveUnusedDefinitionsPass: Removed service "BooksManagement\Shared\Domain\Request\XmlRequest"; reason: unused.
Symfony\Component\DependencyInjection\Compiler\RemoveUnusedDefinitionsPass: Removed service "BooksManagement\Shared\Domain\Response\JsonResponse"; reason: unused.
Symfony\Component\DependencyInjection\Compiler\RemoveUnusedDefinitionsPass: Removed service "BooksManagement\Shared\Domain\Response\ResponseCode"; reason: unused.
Symfony\Component\DependencyInjection\Compiler\RemoveUnusedDefinitionsPass: Removed service "BooksManagement\Shared\Domain\Response\ResponseData"; reason: unused.
Symfony\Component\DependencyInjection\Compiler\RemoveUnusedDefinitionsPass: Removed service "BooksManagement\Shared\Domain\Response\ResponseErrors"; reason: unused.
Symfony\Component\DependencyInjection\Compiler\RemoveUnusedDefinitionsPass: Removed service "BooksManagement\Shared\Domain\Response\ResponseFactory"; reason: unused.
Symfony\Component\DependencyInjection\Compiler\RemoveUnusedDefinitionsPass: Removed service "BooksManagement\Shared\Domain\Response\ResponseMessage"; reason: unused.
Symfony\Component\DependencyInjection\Compiler\RemoveUnusedDefinitionsPass: Removed service "BooksManagement\Shared\Domain\Response\ResponseSuccess"; reason: unused.
Symfony\Component\DependencyInjection\Compiler\RemoveUnusedDefinitionsPass: Removed service "BooksManagement\Shared\Domain\ValueObject\Uuid"; reason: unused.
Symfony\Component\DependencyInjection\Compiler\RemoveUnusedDefinitionsPass: Removed service "BooksManagement\Shared\Infrastructure\Symfony\Exception\SymfonyException"; reason: unused.
Symfony\Component\DependencyInjection\Compiler\RemoveUnusedDefinitionsPass: Removed service "BooksManagement\Shared\Infrastructure\Symfony\Request\FromJsonContentType"; reason: unused.
Symfony\Component\DependencyInjection\Compiler\RemoveUnusedDefinitionsPass: Removed service "BooksManagement\Shared\Infrastructure\Symfony\Request\FromXmlContentType"; reason: unused.
Symfony\Component\DependencyInjection\Compiler\RemoveUnusedDefinitionsPass: Removed service "url_helper"; reason: unused.
Symfony\Component\DependencyInjection\Compiler\RemoveUnusedDefinitionsPass: Removed service "uri_signer"; reason: unused.
Symfony\Component\DependencyInjection\Compiler\RemoveUnusedDefinitionsPass: Removed service "reverse_container"; reason: unused.
Symfony\Component\DependencyInjection\Compiler\RemoveUnusedDefinitionsPass: Removed service "fragment.handler"; reason: unused.
Symfony\Component\DependencyInjection\Compiler\RemoveUnusedDefinitionsPass: Removed service "fragment.renderer.inline"; reason: unused.
Symfony\Component\DependencyInjection\Compiler\RemoveUnusedDefinitionsPass: Removed service "cache.app.taggable"; reason: unused.
Symfony\Component\DependencyInjection\Compiler\RemoveUnusedDefinitionsPass: Removed service "cache.validator"; reason: unused.
Symfony\Component\DependencyInjection\Compiler\RemoveUnusedDefinitionsPass: Removed service "cache.property_info"; reason: unused.
Symfony\Component\DependencyInjection\Compiler\RemoveUnusedDefinitionsPass: Removed service ".cache_connection.GD_MSZC"; reason: unused.
Symfony\Component\DependencyInjection\Compiler\RemoveUnusedDefinitionsPass: Removed service ".cache_connection.JKE6keX"; reason: unused.
Symfony\Component\DependencyInjection\Compiler\RemoveUnusedDefinitionsPass: Removed service ".1_NativeFileSessionHandler~S_1adHL"; reason: unused.
Symfony\Component\DependencyInjection\Compiler\RemoveUnusedDefinitionsPass: Removed service "session.storage.php_bridge"; reason: unused.
Symfony\Component\DependencyInjection\Compiler\RemoveUnusedDefinitionsPass: Removed service "session.flash_bag"; reason: unused.
Symfony\Component\DependencyInjection\Compiler\RemoveUnusedDefinitionsPass: Removed service "session.attribute_bag"; reason: unused.
Symfony\Component\DependencyInjection\Compiler\RemoveUnusedDefinitionsPass: Removed service "session.storage.mock_file"; reason: unused.
Symfony\Component\DependencyInjection\Compiler\RemoveUnusedDefinitionsPass: Removed service "session.handler.native_file"; reason: unused.
Symfony\Component\DependencyInjection\Compiler\RemoveUnusedDefinitionsPass: Removed service "session.abstract_handler"; reason: unused.
Symfony\Component\DependencyInjection\Compiler\RemoveUnusedDefinitionsPass: Removed service "session.marshaller"; reason: unused.
Symfony\Component\DependencyInjection\Compiler\RemoveUnusedDefinitionsPass: Removed service "messenger.transport.native_php_serializer"; reason: unused.
Symfony\Component\DependencyInjection\Compiler\RemoveUnusedDefinitionsPass: Removed service "messenger.middleware.validation"; reason: unused.
Symfony\Component\DependencyInjection\Compiler\RemoveUnusedDefinitionsPass: Removed service "messenger.transport_factory"; reason: unused.
Symfony\Component\DependencyInjection\Compiler\RemoveUnusedDefinitionsPass: Removed service "messenger.transport.sync.factory"; reason: unused.
Symfony\Component\DependencyInjection\Compiler\RemoveUnusedDefinitionsPass: Removed service "messenger.transport.in_memory.factory"; reason: unused.
Symfony\Component\DependencyInjection\Compiler\RemoveUnusedDefinitionsPass: Removed service "messenger.listener.dispatch_pcntl_signal_listener"; reason: unused.
Symfony\Component\DependencyInjection\Compiler\RemoveUnusedDefinitionsPass: Removed service "messenger.listener.stop_worker_on_sigterm_signal_listener"; reason: unused.
Symfony\Component\DependencyInjection\Compiler\RemoveUnusedDefinitionsPass: Removed service "validator.mapping.cache.adapter"; reason: unused.
Symfony\Component\DependencyInjection\Compiler\RemoveUnusedDefinitionsPass: Removed service "annotations.filesystem_cache"; reason: unused.
Symfony\Component\DependencyInjection\Compiler\RemoveUnusedDefinitionsPass: Removed service "serializer.name_converter.camel_case_to_snake_case"; reason: unused.
Symfony\Component\DependencyInjection\Compiler\RemoveUnusedDefinitionsPass: Removed service "data_collector.doctrine"; reason: unused.
Symfony\Component\DependencyInjection\Compiler\RemoveUnusedDefinitionsPass: Removed service "doctrine.twig.doctrine_extension"; reason: unused.
Symfony\Component\DependencyInjection\Compiler\RemoveUnusedDefinitionsPass: Removed service "doctrine.dbal.well_known_schema_asset_filter"; reason: unused.
Symfony\Component\DependencyInjection\Compiler\RemoveUnusedDefinitionsPass: Removed service "messenger.transport.doctrine.factory"; reason: unused.
Symfony\Component\DependencyInjection\Compiler\RemoveUnusedDefinitionsPass: Removed service ".1_ServiceLocator~BnoHcl."; reason: unused.
Symfony\Component\DependencyInjection\Compiler\RemoveUnusedDefinitionsPass: Removed service "form.type_guesser.doctrine"; reason: unused.
Symfony\Component\DependencyInjection\Compiler\RemoveUnusedDefinitionsPass: Removed service "form.type.entity"; reason: unused.
Symfony\Component\DependencyInjection\Compiler\RemoveUnusedDefinitionsPass: Removed service "doctrine.orm.listeners.resolve_target_entity"; reason: unused.
Symfony\Component\DependencyInjection\Compiler\RemoveUnusedDefinitionsPass: Removed service "doctrine.orm.naming_strategy.default"; reason: unused.
Symfony\Component\DependencyInjection\Compiler\RemoveUnusedDefinitionsPass: Removed service "doctrine.orm.naming_strategy.underscore"; reason: unused.
Symfony\Component\DependencyInjection\Compiler\RemoveUnusedDefinitionsPass: Removed service "doctrine.orm.quote_strategy.ansi"; reason: unused.
Symfony\Component\DependencyInjection\Compiler\RemoveUnusedDefinitionsPass: Removed service ".service_locator.Vt79qxb"; reason: unused.
Symfony\Component\DependencyInjection\Compiler\RemoveUnusedDefinitionsPass: Removed service ".service_locator.hbcatdF"; reason: unused.
Symfony\Component\DependencyInjection\Compiler\InlineServiceDefinitionsPass: Inlined service "BooksManagement\Author\Infrastructure\Persistence\AuthorRepositoryMysql" to "BooksManagement\Book\Application\Create\BookCreator".
Symfony\Component\DependencyInjection\Compiler\InlineServiceDefinitionsPass: Inlined service "BooksManagement\Book\Application\Create\BookCreator" to "BooksManagement\Book\Application\Create\CreateBookHandler".
Symfony\Component\DependencyInjection\Compiler\InlineServiceDefinitionsPass: Inlined service "BooksManagement\Book\Application\Find\BookFinder" to "BooksManagement\Book\Application\Find\FindBookHandler".
Symfony\Component\DependencyInjection\Compiler\InlineServiceDefinitionsPass: Inlined service "argument_metadata_factory" to "argument_resolver".
Symfony\Component\DependencyInjection\Compiler\InlineServiceDefinitionsPass: Inlined service ".service_locator.XUhQSUJ" to "argument_resolver.service".
Symfony\Component\DependencyInjection\Compiler\InlineServiceDefinitionsPass: Inlined service "error_handler.error_renderer.serializer" to "error_controller".
Symfony\Component\DependencyInjection\Compiler\InlineServiceDefinitionsPass: Inlined service "controller_resolver" to "http_kernel".
Symfony\Component\DependencyInjection\Compiler\InlineServiceDefinitionsPass: Inlined service "argument_resolver" to "http_kernel".
Symfony\Component\DependencyInjection\Compiler\InlineServiceDefinitionsPass: Inlined service ".1_~hqX1BL5" to "error_handler.error_renderer.html".
Symfony\Component\DependencyInjection\Compiler\InlineServiceDefinitionsPass: Inlined service ".2_~hqX1BL5" to "error_handler.error_renderer.html".
Symfony\Component\DependencyInjection\Compiler\InlineServiceDefinitionsPass: Inlined service "messenger.routable_message_bus" to "console.command.messenger_consume_messages".
Symfony\Component\DependencyInjection\Compiler\InlineServiceDefinitionsPass: Inlined service "session.storage.metadata_bag" to "session.storage.native".
Symfony\Component\DependencyInjection\Compiler\InlineServiceDefinitionsPass: Inlined service ".service_locator.D0bqbKK" to "session_listener".
Symfony\Component\DependencyInjection\Compiler\InlineServiceDefinitionsPass: Inlined service "messenger.senders_locator" to "messenger.middleware.send_message".
Symfony\Component\DependencyInjection\Compiler\InlineServiceDefinitionsPass: Inlined service "messenger.retry_strategy_locator" to "messenger.retry.send_failed_message_for_retry_listener".
Symfony\Component\DependencyInjection\Compiler\InlineServiceDefinitionsPass: Inlined service ".service_locator.LVGXLLD" to "messenger.routable_message_bus".
Symfony\Component\DependencyInjection\Compiler\InlineServiceDefinitionsPass: Inlined service "validator.validator_factory" to "validator.builder".
Symfony\Component\DependencyInjection\Compiler\InlineServiceDefinitionsPass: Inlined service "doctrine.orm.validator_initializer" to "validator.builder".
Symfony\Component\DependencyInjection\Compiler\InlineServiceDefinitionsPass: Inlined service "validator.property_info_loader" to "validator.builder".
Symfony\Component\DependencyInjection\Compiler\InlineServiceDefinitionsPass: Inlined service "doctrine.orm.default_entity_manager.validator_loader" to "validator.builder".
Symfony\Component\DependencyInjection\Compiler\InlineServiceDefinitionsPass: Inlined service ".service_locator._rsIVwc" to "validator.validator_factory".
Symfony\Component\DependencyInjection\Compiler\InlineServiceDefinitionsPass: Inlined service "routing.loader.xml" to "routing.resolver".
Symfony\Component\DependencyInjection\Compiler\InlineServiceDefinitionsPass: Inlined service "routing.loader.yml" to "routing.resolver".
Symfony\Component\DependencyInjection\Compiler\InlineServiceDefinitionsPass: Inlined service "routing.loader.php" to "routing.resolver".
Symfony\Component\DependencyInjection\Compiler\InlineServiceDefinitionsPass: Inlined service "routing.loader.glob" to "routing.resolver".
Symfony\Component\DependencyInjection\Compiler\InlineServiceDefinitionsPass: Inlined service "routing.loader.directory" to "routing.resolver".
Symfony\Component\DependencyInjection\Compiler\InlineServiceDefinitionsPass: Inlined service "routing.loader.container" to "routing.resolver".
Symfony\Component\DependencyInjection\Compiler\InlineServiceDefinitionsPass: Inlined service "routing.loader.annotation.directory" to "routing.resolver".
Symfony\Component\DependencyInjection\Compiler\InlineServiceDefinitionsPass: Inlined service "routing.loader.annotation.file" to "routing.resolver".
Symfony\Component\DependencyInjection\Compiler\InlineServiceDefinitionsPass: Inlined service ".service_locator.B.2ao4F" to "routing.loader.container".
Symfony\Component\DependencyInjection\Compiler\InlineServiceDefinitionsPass: Inlined service "routing.resolver" to "routing.loader".
Symfony\Component\DependencyInjection\Compiler\InlineServiceDefinitionsPass: Inlined service ".service_locator.LHmLVnd.router.cache_warmer" to "router.cache_warmer".
Symfony\Component\DependencyInjection\Compiler\InlineServiceDefinitionsPass: Inlined service ".1_int~d.xNwPG" to "Symfony\Bundle\FrameworkBundle\Controller\RedirectController".
Symfony\Component\DependencyInjection\Compiler\InlineServiceDefinitionsPass: Inlined service ".2_int~d.xNwPG" to "Symfony\Bundle\FrameworkBundle\Controller\RedirectController".
Symfony\Component\DependencyInjection\Compiler\InlineServiceDefinitionsPass: Inlined service "annotations.dummy_registry" to "annotations.reader".
Symfony\Component\DependencyInjection\Compiler\InlineServiceDefinitionsPass: Inlined service ".1_ArrayCache~bl7ELaz" to "annotations.cached_reader".
Symfony\Component\DependencyInjection\Compiler\InlineServiceDefinitionsPass: Inlined service ".2_PhpArrayAdapter~bl7ELaz" to "annotations.cache".
Symfony\Component\DependencyInjection\Compiler\InlineServiceDefinitionsPass: Inlined service "cache.property_access" to "property_accessor".
Symfony\Component\DependencyInjection\Compiler\InlineServiceDefinitionsPass: Inlined service "secrets.decryption_key" to "secrets.vault".
Symfony\Component\DependencyInjection\Compiler\InlineServiceDefinitionsPass: Inlined service "container.getenv" to "secrets.decryption_key".
Symfony\Component\DependencyInjection\Compiler\InlineServiceDefinitionsPass: Inlined service "serializer.denormalizer.unwrapping" to "serializer".
Symfony\Component\DependencyInjection\Compiler\InlineServiceDefinitionsPass: Inlined service "serializer.normalizer.problem" to "serializer".
Symfony\Component\DependencyInjection\Compiler\InlineServiceDefinitionsPass: Inlined service "serializer.normalizer.json_serializable" to "serializer".
Symfony\Component\DependencyInjection\Compiler\InlineServiceDefinitionsPass: Inlined service "serializer.normalizer.datetime" to "serializer".
Symfony\Component\DependencyInjection\Compiler\InlineServiceDefinitionsPass: Inlined service "serializer.normalizer.constraint_violation_list" to "serializer".
Symfony\Component\DependencyInjection\Compiler\InlineServiceDefinitionsPass: Inlined service "serializer.normalizer.datetimezone" to "serializer".
Symfony\Component\DependencyInjection\Compiler\InlineServiceDefinitionsPass: Inlined service "serializer.normalizer.dateinterval" to "serializer".
Symfony\Component\DependencyInjection\Compiler\InlineServiceDefinitionsPass: Inlined service "serializer.normalizer.data_uri" to "serializer".
Symfony\Component\DependencyInjection\Compiler\InlineServiceDefinitionsPass: Inlined service "serializer.denormalizer.array" to "serializer".
Symfony\Component\DependencyInjection\Compiler\InlineServiceDefinitionsPass: Inlined service "serializer.normalizer.object" to "serializer".
Symfony\Component\DependencyInjection\Compiler\InlineServiceDefinitionsPass: Inlined service "serializer.encoder.xml" to "serializer".
Symfony\Component\DependencyInjection\Compiler\InlineServiceDefinitionsPass: Inlined service "serializer.encoder.json" to "serializer".
Symfony\Component\DependencyInjection\Compiler\InlineServiceDefinitionsPass: Inlined service "serializer.encoder.yaml" to "serializer".
Symfony\Component\DependencyInjection\Compiler\InlineServiceDefinitionsPass: Inlined service "serializer.encoder.csv" to "serializer".
Symfony\Component\DependencyInjection\Compiler\InlineServiceDefinitionsPass: Inlined service "serializer.mapping.class_discriminator_resolver" to "serializer.normalizer.object".
Symfony\Component\DependencyInjection\Compiler\InlineServiceDefinitionsPass: Inlined service "serializer.mapping.cache_class_metadata_factory.inner" to "serializer.mapping.cache_class_metadata_factory".
Symfony\Component\DependencyInjection\Compiler\InlineServiceDefinitionsPass: Inlined service "serializer.mapping.cache.symfony" to "serializer.mapping.cache_class_metadata_factory".
Symfony\Component\DependencyInjection\Compiler\InlineServiceDefinitionsPass: Inlined service ".1_~2vHw_Nh" to "error_handler.error_renderer.serializer".
Symfony\Component\DependencyInjection\Compiler\InlineServiceDefinitionsPass: Inlined service "error_handler.error_renderer.html" to "error_handler.error_renderer.serializer".
Symfony\Component\DependencyInjection\Compiler\InlineServiceDefinitionsPass: Inlined service ".2_~2vHw_Nh" to "error_handler.error_renderer.serializer".
Symfony\Component\DependencyInjection\Compiler\InlineServiceDefinitionsPass: Inlined service "doctrine.dbal.logger.chain.default" to "doctrine.dbal.default_connection.configuration".
Symfony\Component\DependencyInjection\Compiler\InlineServiceDefinitionsPass: Inlined service "doctrine.dbal.logger" to "doctrine.dbal.logger.chain.default".
Symfony\Component\DependencyInjection\Compiler\InlineServiceDefinitionsPass: Inlined service "doctrine.dbal.logger.profiling.default" to "doctrine.dbal.logger.chain.default".
Symfony\Component\DependencyInjection\Compiler\InlineServiceDefinitionsPass: Inlined service ".service_locator.xxFfgCP" to "doctrine.dbal.default_connection.event_manager".
Symfony\Component\DependencyInjection\Compiler\InlineServiceDefinitionsPass: Inlined service "doctrine.orm.messenger.doctrine_schema_subscriber" to "doctrine.dbal.default_connection.event_manager".
Symfony\Component\DependencyInjection\Compiler\InlineServiceDefinitionsPass: Inlined service "doctrine.orm.listeners.pdo_cache_adapter_doctrine_schema_subscriber" to "doctrine.dbal.default_connection.event_manager".
Symfony\Component\DependencyInjection\Compiler\InlineServiceDefinitionsPass: Inlined service "doctrine.dbal.default_connection.configuration" to "doctrine.dbal.default_connection".
Symfony\Component\DependencyInjection\Compiler\InlineServiceDefinitionsPass: Inlined service "doctrine.dbal.default_connection.event_manager" to "doctrine.dbal.default_connection".
Symfony\Component\DependencyInjection\Compiler\InlineServiceDefinitionsPass: Inlined service "doctrine.dbal.connection_factory" to "doctrine.dbal.default_connection".
Symfony\Component\DependencyInjection\Compiler\InlineServiceDefinitionsPass: Inlined service "doctrine.orm.cache.provider.cache.doctrine.orm.default.metadata" to "doctrine.orm.default_configuration".
Symfony\Component\DependencyInjection\Compiler\InlineServiceDefinitionsPass: Inlined service "doctrine.orm.cache.provider.cache.doctrine.orm.default.query" to "doctrine.orm.default_configuration".
Symfony\Component\DependencyInjection\Compiler\InlineServiceDefinitionsPass: Inlined service "doctrine.orm.cache.provider.cache.doctrine.orm.default.result" to "doctrine.orm.default_configuration".
Symfony\Component\DependencyInjection\Compiler\InlineServiceDefinitionsPass: Inlined service "doctrine.orm.default_metadata_driver" to "doctrine.orm.default_configuration".
Symfony\Component\DependencyInjection\Compiler\InlineServiceDefinitionsPass: Inlined service "doctrine.orm.naming_strategy.underscore_number_aware" to "doctrine.orm.default_configuration".
Symfony\Component\DependencyInjection\Compiler\InlineServiceDefinitionsPass: Inlined service "doctrine.orm.quote_strategy.default" to "doctrine.orm.default_configuration".
Symfony\Component\DependencyInjection\Compiler\InlineServiceDefinitionsPass: Inlined service "doctrine.orm.default_entity_listener_resolver" to "doctrine.orm.default_configuration".
Symfony\Component\DependencyInjection\Compiler\InlineServiceDefinitionsPass: Inlined service "doctrine.orm.container_repository_factory" to "doctrine.orm.default_configuration".
Symfony\Component\DependencyInjection\Compiler\InlineServiceDefinitionsPass: Inlined service "doctrine.orm.default_yml_metadata_driver" to "doctrine.orm.default_metadata_driver".
Symfony\Component\DependencyInjection\Compiler\InlineServiceDefinitionsPass: Inlined service "doctrine.orm.default_yml_metadata_driver" to "doctrine.orm.default_metadata_driver".
Symfony\Component\DependencyInjection\Compiler\InlineServiceDefinitionsPass: Inlined service "doctrine.orm.default_configuration" to "doctrine.orm.default_entity_manager".
Symfony\Component\DependencyInjection\Compiler\InlineServiceDefinitionsPass: Inlined service "doctrine.orm.default_manager_configurator" to "doctrine.orm.default_entity_manager".
Symfony\Component\DependencyInjection\Compiler\InlineServiceDefinitionsPass: Inlined service "messenger.bus.default.messenger.handlers_locator" to "messenger.bus.default.middleware.handle_message".
Symfony\Component\DependencyInjection\Compiler\InlineServiceDefinitionsPass: Inlined service "BooksManagement\Book\Application\Create\CreateBookHandler" to ".messenger.handler_descriptor.eUMUSnd".
Symfony\Component\DependencyInjection\Compiler\InlineServiceDefinitionsPass: Inlined service "BooksManagement\Book\Application\Find\FindBookHandler" to ".messenger.handler_descriptor.rwiWOAR".
Symfony\Component\DependencyInjection\Compiler\InlineServiceDefinitionsPass: Inlined service ".service_locator.vEnWPsK" to ".service_locator.vEnWPsK.router.default".
Symfony\Component\DependencyInjection\Compiler\InlineServiceDefinitionsPass: Inlined service ".service_locator.LHmLVnd" to ".service_locator.LHmLVnd.router.cache_warmer".
Symfony\Component\DependencyInjection\Compiler\InlineServiceDefinitionsPass: Inlined service "serializer.mapping.chain_loader" to "serializer.mapping.cache_class_metadata_factory.inner".
Symfony\Component\DependencyInjection\Compiler\InlineServiceDefinitionsPass: Inlined service ".service_locator.aDRpVwn" to "console.command_loader".
Symfony\Component\DependencyInjection\Compiler\InlineServiceDefinitionsPass: Inlined service ".service_locator.vEnWPsK.router.default" to "router".
Symfony\Component\DependencyInjection\Compiler\InlineServiceDefinitionsPass: Inlined service "parameter_bag" to "router".
Symfony\Component\DependencyInjection\Compiler\InlineServiceDefinitionsPass: Inlined service "config_cache_factory" to "router".
Symfony\Component\DependencyInjection\Compiler\InlineServiceDefinitionsPass: Inlined service "file_locator" to "routing.loader".
Symfony\Component\DependencyInjection\Compiler\InlineServiceDefinitionsPass: Inlined service "file_locator" to "routing.loader".
Symfony\Component\DependencyInjection\Compiler\InlineServiceDefinitionsPass: Inlined service "file_locator" to "routing.loader".
Symfony\Component\DependencyInjection\Compiler\InlineServiceDefinitionsPass: Inlined service "file_locator" to "routing.loader".
Symfony\Component\DependencyInjection\Compiler\InlineServiceDefinitionsPass: Inlined service "file_locator" to "routing.loader".
Symfony\Component\DependencyInjection\Compiler\InlineServiceDefinitionsPass: Inlined service "routing.loader.annotation" to "routing.loader".
Symfony\Component\DependencyInjection\Compiler\InlineServiceDefinitionsPass: Inlined service "file_locator" to "routing.loader".
Symfony\Component\DependencyInjection\Compiler\InlineServiceDefinitionsPass: Inlined service "routing.loader.annotation" to "routing.loader".
Symfony\Component\DependencyInjection\Compiler\InlineServiceDefinitionsPass: Inlined service "file_locator" to "routing.loader".
Symfony\Component\DependencyInjection\Compiler\InlineServiceDefinitionsPass: Inlined service "routing.loader.annotation" to "routing.loader".
Symfony\Component\DependencyInjection\Compiler\InlineServiceDefinitionsPass: Inlined service "property_accessor" to "serializer".
Symfony\Component\DependencyInjection\Compiler\InlineServiceDefinitionsPass: Inlined service "serializer.name_converter.metadata_aware" to "serializer".
Symfony\Component\DependencyInjection\Compiler\InlineServiceDefinitionsPass: Inlined service "serializer.name_converter.metadata_aware" to "serializer".
Symfony\Component\DependencyInjection\Compiler\InlineServiceDefinitionsPass: Inlined service "property_accessor" to "serializer".